Start testing: Dec 21 00:59 +07
----------------------------------------------------------
1/1 Testing: CSVParserTest
1/1 Test: CSVParserTest
Command: "/home/wake/Documents/nsu/cpp/cpp_tasks/task4/build/runTests"
Directory: /home/wake/Documents/nsu/cpp/cpp_tasks/task4/build
"CSVParserTest" start time: Dec 21 00:59 +07
Output:
----------------------------------------------------------
[==========] Running 3 tests from 1 test suite.
[----------] Global test environment set-up.
[----------] 3 tests from CSVParserTest
[ RUN      ] CSVParserTest.BasicParsing
[       OK ] CSVParserTest.BasicParsing (0 ms)
[ RUN      ] CSVParserTest.SkipLines
[       OK ] CSVParserTest.SkipLines (0 ms)
[ RUN      ] CSVParserTest.IncorrectColumnCount
[       OK ] CSVParserTest.IncorrectColumnCount (0 ms)
[----------] 3 tests from CSVParserTest (0 ms total)

[----------] Global test environment tear-down
[==========] 3 tests from 1 test suite ran. (0 ms total)
[  PASSED  ] 3 tests.
<end of output>
Test time =   0.00 sec
----------------------------------------------------------
Test Passed.
"CSVParserTest" end time: Dec 21 00:59 +07
"CSVParserTest" time elapsed: 00:00:00
----------------------------------------------------------

End testing: Dec 21 00:59 +07
