Start testing: Dec 21 01:14 +07
----------------------------------------------------------
1/1 Testing: UniverseTest
1/1 Test: UniverseTest
Command: "/home/wake/Documents/nsu/cpp/cpp_tasks/task2/build/runTests"
Directory: /home/wake/Documents/nsu/cpp/cpp_tasks/task2/build
"UniverseTest" start time: Dec 21 01:14 +07
Output:
----------------------------------------------------------
[==========] Running 3 tests from 1 test suite.
[----------] Global test environment set-up.
[----------] 3 tests from UniverseTest
[ RUN      ] UniverseTest.LoadFromFile
Error opening file: test_input.rle
/home/wake/Documents/nsu/cpp/cpp_tasks/task2/test.cpp:9: Failure
Expected equality of these values:
  universe.grid[0][0]
    Which is: 0
  true

[  FAILED  ] UniverseTest.LoadFromFile (0 ms)
[ RUN      ] UniverseTest.SaveToFile
[       OK ] UniverseTest.SaveToFile (0 ms)
[ RUN      ] UniverseTest.Tick
[       OK ] UniverseTest.Tick (0 ms)
[----------] 3 tests from UniverseTest (0 ms total)

[----------] Global test environment tear-down
[==========] 3 tests from 1 test suite ran. (0 ms total)
[  PASSED  ] 2 tests.
[  FAILED  ] 1 test, listed below:
[  FAILED  ] UniverseTest.LoadFromFile

 1 FAILED TEST
<end of output>
Test time =   0.00 sec
----------------------------------------------------------
Test Failed.
"UniverseTest" end time: Dec 21 01:14 +07
"UniverseTest" time elapsed: 00:00:00
----------------------------------------------------------

End testing: Dec 21 01:14 +07
